{"D:\\Sai saas\\apps\\api\\src\\app.controller.ts": {"path":"D:\\Sai saas\\apps\\api\\src\\app.controller.ts","statementMap":{"0":{"start":{"line":1,"column":0},"end":{"line":1,"column":49}},"1":{"start":{"line":2,"column":0},"end":{"line":2,"column":43}},"2":{"start":{"line":5,"column":7},"end":{"line":12,"column":null}},"3":{"start":{"line":6,"column":31},"end":{"line":6,"column":43}},"4":{"start":{"line":10,"column":4},"end":{"line":10,"column":38}},"5":{"start":{"line":5,"column":13},"end":{"line":5,"column":26}},"6":{"start":{"line":9,"column":2},"end":{"line":11,"column":null}},"7":{"start":{"line":5,"column":13},"end":{"line":12,"column":null}}},"fnMap":{"0":{"name":"(anonymous_2)","decl":{"start":{"line":6,"column":2},"end":{"line":6,"column":31}},"loc":{"start":{"line":6,"column":53},"end":{"line":6,"column":57}}},"1":{"name":"(anonymous_3)","decl":{"start":{"line":9,"column":2},"end":{"line":9,"column":10}},"loc":{"start":{"line":9,"column":10},"end":{"line":11,"column":3}}}},"branchMap":{},"s":{"0":0,"1":0,"2":0,"3":0,"4":0,"5":0,"6":0,"7":0},"f":{"0":0,"1":0},"b":{}}
,"D:\\Sai saas\\apps\\api\\src\\app.service.ts": {"path":"D:\\Sai saas\\apps\\api\\src\\app.service.ts","statementMap":{"0":{"start":{"line":1,"column":0},"end":{"line":1,"column":44}},"1":{"start":{"line":4,"column":7},"end":{"line":8,"column":null}},"2":{"start":{"line":6,"column":4},"end":{"line":6,"column":42}},"3":{"start":{"line":4,"column":13},"end":{"line":4,"column":23}},"4":{"start":{"line":4,"column":13},"end":{"line":8,"column":null}}},"fnMap":{"0":{"name":"(anonymous_1)","decl":{"start":{"line":5,"column":2},"end":{"line":5,"column":10}},"loc":{"start":{"line":5,"column":10},"end":{"line":7,"column":3}}}},"branchMap":{},"s":{"0":0,"1":0,"2":0,"3":0,"4":0},"f":{"0":0},"b":{}}
,"D:\\Sai saas\\apps\\api\\src\\enterprise.controller.ts": {"path":"D:\\Sai saas\\apps\\api\\src\\enterprise.controller.ts","statementMap":{"0":{"start":{"line":1,"column":0},"end":{"line":1,"column":86}},"1":{"start":{"line":2,"column":0},"end":{"line":2,"column":57}},"2":{"start":{"line":4,"column":17},"end":{"line":76,"column":2}},"3":{"start":{"line":80,"column":7},"end":{"line":361,"column":null}},"4":{"start":{"line":85,"column":4},"end":{"line":88,"column":6}},"5":{"start":{"line":93,"column":4},"end":{"line":93,"column":111}},"6":{"start":{"line":99,"column":4},"end":{"line":104,"column":6}},"7":{"start":{"line":109,"column":4},"end":{"line":109,"column":127}},"8":{"start":{"line":115,"column":4},"end":{"line":135,"column":6}},"9":{"start":{"line":141,"column":4},"end":{"line":157,"column":6}},"10":{"start":{"line":162,"column":4},"end":{"line":174,"column":6}},"11":{"start":{"line":180,"column":4},"end":{"line":184,"column":6}},"12":{"start":{"line":189,"column":4},"end":{"line":199,"column":6}},"13":{"start":{"line":205,"column":4},"end":{"line":205,"column":22}},"14":{"start":{"line":210,"column":20},"end":{"line":210,"column":107}},"15":{"start":{"line":211,"column":20},"end":{"line":211,"column":97}},"16":{"start":{"line":212,"column":19},"end":{"line":212,"column":91}},"17":{"start":{"line":214,"column":23},"end":{"line":214,"column":33}},"18":{"start":{"line":215,"column":4},"end":{"line":217,"column":43}},"19":{"start":{"line":215,"column":17},"end":{"line":215,"column":40}},"20":{"start":{"line":216,"column":9},"end":{"line":217,"column":43}},"21":{"start":{"line":216,"column":22},"end":{"line":216,"column":45}},"22":{"start":{"line":217,"column":9},"end":{"line":217,"column":43}},"23":{"start":{"line":217,"column":21},"end":{"line":217,"column":43}},"24":{"start":{"line":219,"column":21},"end":{"line":239,"column":6}},"25":{"start":{"line":241,"column":4},"end":{"line":241,"column":33}},"26":{"start":{"line":242,"column":4},"end":{"line":242,"column":20}},"27":{"start":{"line":247,"column":18},"end":{"line":247,"column":61}},"28":{"start":{"line":247,"column":39},"end":{"line":247,"column":60}},"29":{"start":{"line":248,"column":4},"end":{"line":250,"column":5}},"30":{"start":{"line":249,"column":6},"end":{"line":249,"column":60}},"31":{"start":{"line":253,"column":86},"end":{"line":258,"column":6}},"32":{"start":{"line":260,"column":25},"end":{"line":260,"column":108}},"33":{"start":{"line":263,"column":26},"end":{"line":263,"column":79}},"34":{"start":{"line":263,"column":56},"end":{"line":263,"column":78}},"35":{"start":{"line":264,"column":23},"end":{"line":271,"column":6}},"36":{"start":{"line":273,"column":4},"end":{"line":277,"column":5}},"37":{"start":{"line":274,"column":6},"end":{"line":274,"column":49}},"38":{"start":{"line":276,"column":6},"end":{"line":276,"column":38}},"39":{"start":{"line":279,"column":4},"end":{"line":279,"column":88}},"40":{"start":{"line":280,"column":4},"end":{"line":280,"column":64}},"41":{"start":{"line":282,"column":4},"end":{"line":282,"column":36}},"42":{"start":{"line":288,"column":4},"end":{"line":300,"column":6}},"43":{"start":{"line":306,"column":4},"end":{"line":311,"column":6}},"44":{"start":{"line":317,"column":4},"end":{"line":322,"column":6}},"45":{"start":{"line":328,"column":4},"end":{"line":332,"column":6}},"46":{"start":{"line":338,"column":4},"end":{"line":349,"column":6}},"47":{"start":{"line":354,"column":4},"end":{"line":359,"column":6}},"48":{"start":{"line":80,"column":13},"end":{"line":80,"column":33}},"49":{"start":{"line":84,"column":2},"end":{"line":89,"column":null}},"50":{"start":{"line":92,"column":2},"end":{"line":94,"column":null}},"51":{"start":{"line":98,"column":2},"end":{"line":105,"column":null}},"52":{"start":{"line":108,"column":2},"end":{"line":110,"column":null}},"53":{"start":{"line":114,"column":2},"end":{"line":136,"column":null}},"54":{"start":{"line":140,"column":2},"end":{"line":158,"column":null}},"55":{"start":{"line":161,"column":2},"end":{"line":175,"column":null}},"56":{"start":{"line":179,"column":2},"end":{"line":185,"column":null}},"57":{"start":{"line":188,"column":2},"end":{"line":200,"column":null}},"58":{"start":{"line":204,"column":2},"end":{"line":206,"column":null}},"59":{"start":{"line":209,"column":2},"end":{"line":243,"column":null}},"60":{"start":{"line":246,"column":2},"end":{"line":283,"column":null}},"61":{"start":{"line":286,"column":2},"end":{"line":301,"column":null}},"62":{"start":{"line":305,"column":2},"end":{"line":312,"column":null}},"63":{"start":{"line":316,"column":2},"end":{"line":323,"column":null}},"64":{"start":{"line":327,"column":2},"end":{"line":333,"column":null}},"65":{"start":{"line":337,"column":2},"end":{"line":350,"column":null}},"66":{"start":{"line":353,"column":2},"end":{"line":360,"column":null}},"67":{"start":{"line":80,"column":13},"end":{"line":361,"column":null}}},"fnMap":{"0":{"name":"(anonymous_4)","decl":{"start":{"line":84,"column":2},"end":{"line":84,"column":15}},"loc":{"start":{"line":84,"column":15},"end":{"line":89,"column":3}}},"1":{"name":"(anonymous_5)","decl":{"start":{"line":92,"column":2},"end":{"line":92,"column":17}},"loc":{"start":{"line":92,"column":35},"end":{"line":94,"column":3}}},"2":{"name":"(anonymous_6)","decl":{"start":{"line":98,"column":2},"end":{"line":98,"column":12}},"loc":{"start":{"line":98,"column":12},"end":{"line":105,"column":3}}},"3":{"name":"(anonymous_7)","decl":{"start":{"line":108,"column":2},"end":{"line":108,"column":14}},"loc":{"start":{"line":108,"column":32},"end":{"line":110,"column":3}}},"4":{"name":"(anonymous_8)","decl":{"start":{"line":114,"column":2},"end":{"line":114,"column":19}},"loc":{"start":{"line":114,"column":19},"end":{"line":136,"column":3}}},"5":{"name":"(anonymous_9)","decl":{"start":{"line":140,"column":2},"end":{"line":140,"column":16}},"loc":{"start":{"line":140,"column":16},"end":{"line":158,"column":3}}},"6":{"name":"(anonymous_10)","decl":{"start":{"line":161,"column":2},"end":{"line":161,"column":17}},"loc":{"start":{"line":161,"column":35},"end":{"line":175,"column":3}}},"7":{"name":"(anonymous_11)","decl":{"start":{"line":179,"column":2},"end":{"line":179,"column":16}},"loc":{"start":{"line":179,"column":16},"end":{"line":185,"column":3}}},"8":{"name":"(anonymous_12)","decl":{"start":{"line":188,"column":2},"end":{"line":188,"column":14}},"loc":{"start":{"line":188,"column":32},"end":{"line":200,"column":3}}},"9":{"name":"(anonymous_13)","decl":{"start":{"line":204,"column":2},"end":{"line":204,"column":14}},"loc":{"start":{"line":204,"column":14},"end":{"line":206,"column":3}}},"10":{"name":"(anonymous_14)","decl":{"start":{"line":209,"column":2},"end":{"line":209,"column":16}},"loc":{"start":{"line":209,"column":89},"end":{"line":243,"column":3}}},"11":{"name":"(anonymous_15)","decl":{"start":{"line":246,"column":2},"end":{"line":246,"column":15}},"loc":{"start":{"line":246,"column":64},"end":{"line":283,"column":3}}},"12":{"name":"(anonymous_16)","decl":{"start":{"line":247,"column":34},"end":{"line":247,"column":35}},"loc":{"start":{"line":247,"column":39},"end":{"line":247,"column":60}}},"13":{"name":"(anonymous_17)","decl":{"start":{"line":263,"column":51},"end":{"line":263,"column":52}},"loc":{"start":{"line":263,"column":56},"end":{"line":263,"column":78}}},"14":{"name":"(anonymous_18)","decl":{"start":{"line":286,"column":2},"end":{"line":286,"column":16}},"loc":{"start":{"line":286,"column":34},"end":{"line":301,"column":3}}},"15":{"name":"(anonymous_19)","decl":{"start":{"line":305,"column":2},"end":{"line":305,"column":18}},"loc":{"start":{"line":305,"column":18},"end":{"line":312,"column":3}}},"16":{"name":"(anonymous_20)","decl":{"start":{"line":316,"column":2},"end":{"line":316,"column":17}},"loc":{"start":{"line":316,"column":17},"end":{"line":323,"column":3}}},"17":{"name":"(anonymous_21)","decl":{"start":{"line":327,"column":2},"end":{"line":327,"column":20}},"loc":{"start":{"line":327,"column":20},"end":{"line":333,"column":3}}},"18":{"name":"(anonymous_22)","decl":{"start":{"line":337,"column":2},"end":{"line":337,"column":17}},"loc":{"start":{"line":337,"column":17},"end":{"line":350,"column":3}}},"19":{"name":"(anonymous_23)","decl":{"start":{"line":353,"column":2},"end":{"line":353,"column":12}},"loc":{"start":{"line":353,"column":12},"end":{"line":360,"column":3}}}},"branchMap":{"0":{"loc":{"start":{"line":193,"column":14},"end":{"line":193,"column":51}},"type":"binary-expr","locations":[{"start":{"line":193,"column":14},"end":{"line":193,"column":23}},{"start":{"line":193,"column":27},"end":{"line":193,"column":51}}]},"1":{"loc":{"start":{"line":210,"column":20},"end":{"line":210,"column":107}},"type":"binary-expr","locations":[{"start":{"line":210,"column":20},"end":{"line":210,"column":61}},{"start":{"line":210,"column":65},"end":{"line":210,"column":107}}]},"2":{"loc":{"start":{"line":211,"column":20},"end":{"line":211,"column":97}},"type":"binary-expr","locations":[{"start":{"line":211,"column":20},"end":{"line":211,"column":61}},{"start":{"line":211,"column":65},"end":{"line":211,"column":97}}]},"3":{"loc":{"start":{"line":212,"column":19},"end":{"line":212,"column":91}},"type":"binary-expr","locations":[{"start":{"line":212,"column":19},"end":{"line":212,"column":59}},{"start":{"line":212,"column":63},"end":{"line":212,"column":91}}]},"4":{"loc":{"start":{"line":215,"column":4},"end":{"line":217,"column":43}},"type":"if","locations":[{"start":{"line":215,"column":4},"end":{"line":217,"column":43}},{"start":{"line":216,"column":9},"end":{"line":217,"column":43}}]},"5":{"loc":{"start":{"line":216,"column":9},"end":{"line":217,"column":43}},"type":"if","locations":[{"start":{"line":216,"column":9},"end":{"line":217,"column":43}},{"start":{"line":217,"column":9},"end":{"line":217,"column":43}}]},"6":{"loc":{"start":{"line":217,"column":9},"end":{"line":217,"column":43}},"type":"if","locations":[{"start":{"line":217,"column":9},"end":{"line":217,"column":43}}]},"7":{"loc":{"start":{"line":223,"column":12},"end":{"line":223,"column":33}},"type":"binary-expr","locations":[{"start":{"line":223,"column":12},"end":{"line":223,"column":21}},{"start":{"line":223,"column":25},"end":{"line":223,"column":33}}]},"8":{"loc":{"start":{"line":224,"column":11},"end":{"line":224,"column":79}},"type":"binary-expr","locations":[{"start":{"line":224,"column":11},"end":{"line":224,"column":19}},{"start":{"line":224,"column":24},"end":{"line":224,"column":78}}]},"9":{"loc":{"start":{"line":224,"column":24},"end":{"line":224,"column":78}},"type":"cond-expr","locations":[{"start":{"line":224,"column":51},"end":{"line":224,"column":61}},{"start":{"line":224,"column":64},"end":{"line":224,"column":78}}]},"10":{"loc":{"start":{"line":227,"column":13},"end":{"line":227,"column":85}},"type":"cond-expr","locations":[{"start":{"line":227,"column":40},"end":{"line":227,"column":44}},{"start":{"line":227,"column":47},"end":{"line":227,"column":85}}]},"11":{"loc":{"start":{"line":227,"column":47},"end":{"line":227,"column":85}},"type":"cond-expr","locations":[{"start":{"line":227,"column":74},"end":{"line":227,"column":78}},{"start":{"line":227,"column":81},"end":{"line":227,"column":85}}]},"12":{"loc":{"start":{"line":228,"column":14},"end":{"line":228,"column":86}},"type":"cond-expr","locations":[{"start":{"line":228,"column":41},"end":{"line":228,"column":45}},{"start":{"line":228,"column":48},"end":{"line":228,"column":86}}]},"13":{"loc":{"start":{"line":228,"column":48},"end":{"line":228,"column":86}},"type":"cond-expr","locations":[{"start":{"line":228,"column":75},"end":{"line":228,"column":79}},{"start":{"line":228,"column":82},"end":{"line":228,"column":86}}]},"14":{"loc":{"start":{"line":229,"column":19},"end":{"line":229,"column":94}},"type":"cond-expr","locations":[{"start":{"line":229,"column":46},"end":{"line":229,"column":51}},{"start":{"line":229,"column":54},"end":{"line":229,"column":94}}]},"15":{"loc":{"start":{"line":229,"column":54},"end":{"line":229,"column":94}},"type":"cond-expr","locations":[{"start":{"line":229,"column":81},"end":{"line":229,"column":87}},{"start":{"line":229,"column":90},"end":{"line":229,"column":94}}]},"16":{"loc":{"start":{"line":230,"column":18},"end":{"line":230,"column":96}},"type":"cond-expr","locations":[{"start":{"line":230,"column":73},"end":{"line":230,"column":89}},{"start":{"line":230,"column":92},"end":{"line":230,"column":96}}]},"17":{"loc":{"start":{"line":230,"column":18},"end":{"line":230,"column":70}},"type":"binary-expr","locations":[{"start":{"line":230,"column":18},"end":{"line":230,"column":42}},{"start":{"line":230,"column":46},"end":{"line":230,"column":70}}]},"18":{"loc":{"start":{"line":231,"column":21},"end":{"line":231,"column":81}},"type":"cond-expr","locations":[{"start":{"line":231,"column":48},"end":{"line":231,"column":77}},{"start":{"line":231,"column":80},"end":{"line":231,"column":81}}]},"19":{"loc":{"start":{"line":233,"column":16},"end":{"line":238,"column":12}},"type":"cond-expr","locations":[{"start":{"line":233,"column":43},"end":{"line":236,"column":8}},{"start":{"line":236,"column":10},"end":{"line":238,"column":12}}]},"20":{"loc":{"start":{"line":236,"column":10},"end":{"line":238,"column":12}},"type":"cond-expr","locations":[{"start":{"line":236,"column":37},"end":{"line":238,"column":8}},{"start":{"line":238,"column":10},"end":{"line":238,"column":12}}]},"21":{"loc":{"start":{"line":248,"column":4},"end":{"line":250,"column":5}},"type":"if","locations":[{"start":{"line":248,"column":4},"end":{"line":250,"column":5}}]},"22":{"loc":{"start":{"line":260,"column":25},"end":{"line":260,"column":108}},"type":"binary-expr","locations":[{"start":{"line":260,"column":25},"end":{"line":260,"column":45}},{"start":{"line":260,"column":49},"end":{"line":260,"column":108}}]},"23":{"loc":{"start":{"line":273,"column":4},"end":{"line":277,"column":5}},"type":"if","locations":[{"start":{"line":273,"column":4},"end":{"line":277,"column":5}},{"start":{"line":275,"column":11},"end":{"line":277,"column":5}}]},"24":{"loc":{"start":{"line":291,"column":12},"end":{"line":291,"column":67}},"type":"binary-expr","locations":[{"start":{"line":291,"column":12},"end":{"line":291,"column":29}},{"start":{"line":291,"column":33},"end":{"line":291,"column":67}}]}},"s":{"0":1,"1":1,"2":1,"3":1,"4":1,"5":0,"6":1,"7":0,"8":1,"9":1,"10":0,"11":1,"12":0,"13":1,"14":0,"15":0,"16":0,"17":0,"18":0,"19":0,"20":0,"21":0,"22":0,"23":0,"24":0,"25":0,"26":0,"27":0,"28":0,"29":0,"30":0,"31":0,"32":0,"33":0,"34":0,"35":0,"36":0,"37":0,"38":0,"39":0,"40":0,"41":0,"42":1,"43":0,"44":0,"45":0,"46":0,"47":0,"48":1,"49":1,"50":1,"51":1,"52":1,"53":1,"54":1,"55":1,"56":1,"57":1,"58":1,"59":1,"60":1,"61":1,"62":1,"63":1,"64":1,"65":1,"66":1,"67":1},"f":{"0":1,"1":0,"2":1,"3":0,"4":1,"5":1,"6":0,"7":1,"8":0,"9":1,"10":0,"11":0,"12":0,"13":0,"14":1,"15":0,"16":0,"17":0,"18":0,"19":0},"b":{"0":[0,0],"1":[0,0],"2":[0,0],"3":[0,0],"4":[0,0],"5":[0,0],"6":[0],"7":[0,0],"8":[0,0],"9":[0,0],"10":[0,0],"11":[0,0],"12":[0,0],"13":[0,0],"14":[0,0],"15":[0,0],"16":[0,0],"17":[0,0],"18":[0,0],"19":[0,0],"20":[0,0],"21":[0],"22":[0,0],"23":[0,0],"24":[1,0]}}
,"D:\\Sai saas\\apps\\api\\src\\subscription.guard.ts": {"path":"D:\\Sai saas\\apps\\api\\src\\subscription.guard.ts","statementMap":{"0":{"start":{"line":1,"column":0},"end":{"line":1,"column":102}},"1":{"start":{"line":5,"column":7},"end":{"line":73,"column":null}},"2":{"start":{"line":9,"column":20},"end":{"line":9,"column":55}},"3":{"start":{"line":11,"column":20},"end":{"line":11,"column":66}},"4":{"start":{"line":12,"column":17},"end":{"line":12,"column":62}},"5":{"start":{"line":13,"column":20},"end":{"line":13,"column":38}},"6":{"start":{"line":15,"column":17},"end":{"line":15,"column":28}},"7":{"start":{"line":16,"column":19},"end":{"line":16,"column":33}},"8":{"start":{"line":19,"column":19},"end":{"line":24,"column":6}},"9":{"start":{"line":26,"column":23},"end":{"line":26,"column":55}},"10":{"start":{"line":29,"column":25},"end":{"line":34,"column":6}},"11":{"start":{"line":37,"column":4},"end":{"line":47,"column":5}},"12":{"start":{"line":38,"column":6},"end":{"line":46,"column":7}},"13":{"start":{"line":39,"column":8},"end":{"line":45,"column":40}},"14":{"start":{"line":50,"column":4},"end":{"line":58,"column":5}},"15":{"start":{"line":51,"column":6},"end":{"line":57,"column":7}},"16":{"start":{"line":52,"column":8},"end":{"line":56,"column":40}},"17":{"start":{"line":61,"column":4},"end":{"line":69,"column":5}},"18":{"start":{"line":62,"column":6},"end":{"line":68,"column":7}},"19":{"start":{"line":63,"column":8},"end":{"line":67,"column":40}},"20":{"start":{"line":71,"column":4},"end":{"line":71,"column":16}},"21":{"start":{"line":5,"column":13},"end":{"line":5,"column":30}},"22":{"start":{"line":5,"column":13},"end":{"line":73,"column":null}}},"fnMap":{"0":{"name":"(anonymous_1)","decl":{"start":{"line":6,"column":2},"end":{"line":6,"column":13}},"loc":{"start":{"line":7,"column":29},"end":{"line":72,"column":3}}}},"branchMap":{"0":{"loc":{"start":{"line":11,"column":20},"end":{"line":11,"column":66}},"type":"binary-expr","locations":[{"start":{"line":11,"column":20},"end":{"line":11,"column":54}},{"start":{"line":11,"column":58},"end":{"line":11,"column":66}}]},"1":{"loc":{"start":{"line":12,"column":17},"end":{"line":12,"column":62}},"type":"cond-expr","locations":[{"start":{"line":12,"column":42},"end":{"line":12,"column":52}},{"start":{"line":12,"column":55},"end":{"line":12,"column":62}}]},"2":{"loc":{"start":{"line":26,"column":23},"end":{"line":26,"column":55}},"type":"binary-expr","locations":[{"start":{"line":26,"column":23},"end":{"line":26,"column":38}},{"start":{"line":26,"column":42},"end":{"line":26,"column":55}}]},"3":{"loc":{"start":{"line":37,"column":4},"end":{"line":47,"column":5}},"type":"if","locations":[{"start":{"line":37,"column":4},"end":{"line":47,"column":5}}]},"4":{"loc":{"start":{"line":37,"column":8},"end":{"line":37,"column":61}},"type":"binary-expr","locations":[{"start":{"line":37,"column":8},"end":{"line":37,"column":40}},{"start":{"line":37,"column":44},"end":{"line":37,"column":61}}]},"5":{"loc":{"start":{"line":38,"column":6},"end":{"line":46,"column":7}},"type":"if","locations":[{"start":{"line":38,"column":6},"end":{"line":46,"column":7}}]},"6":{"loc":{"start":{"line":50,"column":4},"end":{"line":58,"column":5}},"type":"if","locations":[{"start":{"line":50,"column":4},"end":{"line":58,"column":5}}]},"7":{"loc":{"start":{"line":50,"column":8},"end":{"line":50,"column":58}},"type":"binary-expr","locations":[{"start":{"line":50,"column":8},"end":{"line":50,"column":37}},{"start":{"line":50,"column":41},"end":{"line":50,"column":58}}]},"8":{"loc":{"start":{"line":51,"column":6},"end":{"line":57,"column":7}},"type":"if","locations":[{"start":{"line":51,"column":6},"end":{"line":57,"column":7}}]},"9":{"loc":{"start":{"line":61,"column":4},"end":{"line":69,"column":5}},"type":"if","locations":[{"start":{"line":61,"column":4},"end":{"line":69,"column":5}}]},"10":{"loc":{"start":{"line":61,"column":8},"end":{"line":61,"column":62}},"type":"binary-expr","locations":[{"start":{"line":61,"column":8},"end":{"line":61,"column":41}},{"start":{"line":61,"column":45},"end":{"line":61,"column":62}}]},"11":{"loc":{"start":{"line":62,"column":6},"end":{"line":68,"column":7}},"type":"if","locations":[{"start":{"line":62,"column":6},"end":{"line":68,"column":7}}]}},"s":{"0":2,"1":2,"2":8,"3":8,"4":8,"5":8,"6":8,"7":8,"8":8,"9":8,"10":8,"11":8,"12":3,"13":1,"14":7,"15":2,"16":1,"17":6,"18":2,"19":1,"20":5,"21":2,"22":2},"f":{"0":8},"b":{"0":[8,0],"1":[0,8],"2":[8,0],"3":[3],"4":[8,4],"5":[1],"6":[2],"7":[7,2],"8":[1],"9":[2],"10":[6,2],"11":[1]}}
,"D:\\Sai saas\\apps\\api\\src\\ai\\ai.controller.ts": {"path":"D:\\Sai saas\\apps\\api\\src\\ai\\ai.controller.ts","statementMap":{"0":{"start":{"line":1,"column":0},"end":{"line":1,"column":56}},"1":{"start":{"line":2,"column":0},"end":{"line":2,"column":41}},"2":{"start":{"line":5,"column":7},"end":{"line":22,"column":null}},"3":{"start":{"line":6,"column":31},"end":{"line":6,"column":42}},"4":{"start":{"line":10,"column":4},"end":{"line":12,"column":5}},"5":{"start":{"line":11,"column":6},"end":{"line":11,"column":55}},"6":{"start":{"line":13,"column":21},"end":{"line":13,"column":66}},"7":{"start":{"line":14,"column":4},"end":{"line":14,"column":24}},"8":{"start":{"line":19,"column":30},"end":{"line":19,"column":75}},"9":{"start":{"line":20,"column":4},"end":{"line":20,"column":29}},"10":{"start":{"line":5,"column":13},"end":{"line":5,"column":25}},"11":{"start":{"line":9,"column":8},"end":{"line":15,"column":null}},"12":{"start":{"line":18,"column":8},"end":{"line":21,"column":null}},"13":{"start":{"line":5,"column":13},"end":{"line":22,"column":null}}},"fnMap":{"0":{"name":"(anonymous_4)","decl":{"start":{"line":6,"column":2},"end":{"line":6,"column":31}},"loc":{"start":{"line":6,"column":51},"end":{"line":6,"column":55}}},"1":{"name":"(anonymous_5)","decl":{"start":{"line":9,"column":2},"end":{"line":9,"column":7}},"loc":{"start":{"line":9,"column":45},"end":{"line":15,"column":3}}},"2":{"name":"(anonymous_6)","decl":{"start":{"line":18,"column":2},"end":{"line":18,"column":7}},"loc":{"start":{"line":18,"column":44},"end":{"line":21,"column":3}}}},"branchMap":{"0":{"loc":{"start":{"line":10,"column":4},"end":{"line":12,"column":5}},"type":"if","locations":[{"start":{"line":10,"column":4},"end":{"line":12,"column":5}}]}},"s":{"0":0,"1":0,"2":0,"3":0,"4":0,"5":0,"6":0,"7":0,"8":0,"9":0,"10":0,"11":0,"12":0,"13":0},"f":{"0":0,"1":0,"2":0},"b":{"0":[0]}}
,"D:\\Sai saas\\apps\\api\\src\\ai\\ai.service.ts": {"path":"D:\\Sai saas\\apps\\api\\src\\ai\\ai.service.ts","statementMap":{"0":{"start":{"line":1,"column":0},"end":{"line":1,"column":52}},"1":{"start":{"line":2,"column":0},"end":{"line":2,"column":28}},"2":{"start":{"line":3,"column":0},"end":{"line":3,"column":66}},"3":{"start":{"line":6,"column":22},"end":{"line":81,"column":null}},"4":{"start":{"line":10,"column":22},"end":{"line":10,"column":40}},"5":{"start":{"line":7,"column":10},"end":{"line":7,"column":39}},"6":{"start":{"line":8,"column":19},"end":{"line":8,"column":55}},"7":{"start":{"line":12,"column":19},"end":{"line":12,"column":45}},"8":{"start":{"line":13,"column":4},"end":{"line":17,"column":5}},"9":{"start":{"line":14,"column":6},"end":{"line":14,"column":43}},"10":{"start":{"line":16,"column":6},"end":{"line":16,"column":88}},"11":{"start":{"line":21,"column":22},"end":{"line":21,"column":74}},"12":{"start":{"line":22,"column":20},"end":{"line":22,"column":45}},"13":{"start":{"line":24,"column":4},"end":{"line":26,"column":5}},"14":{"start":{"line":25,"column":6},"end":{"line":25,"column":188}},"15":{"start":{"line":28,"column":4},"end":{"line":40,"column":5}},"16":{"start":{"line":29,"column":25},"end":{"line":35,"column":8}},"17":{"start":{"line":36,"column":6},"end":{"line":36,"column":89}},"18":{"start":{"line":38,"column":6},"end":{"line":38,"column":47}},"19":{"start":{"line":39,"column":6},"end":{"line":39,"column":72}},"20":{"start":{"line":44,"column":4},"end":{"line":76,"column":5}},"21":{"start":{"line":45,"column":6},"end":{"line":75,"column":8}},"22":{"start":{"line":79,"column":4},"end":{"line":79,"column":68}},"23":{"start":{"line":6,"column":13},"end":{"line":6,"column":22}},"24":{"start":{"line":6,"column":13},"end":{"line":81,"column":null}}},"fnMap":{"0":{"name":"(anonymous_2)","decl":{"start":{"line":10,"column":2},"end":{"line":10,"column":22}},"loc":{"start":{"line":10,"column":56},"end":{"line":18,"column":3}}},"1":{"name":"(anonymous_3)","decl":{"start":{"line":20,"column":2},"end":{"line":20,"column":7}},"loc":{"start":{"line":20,"column":43},"end":{"line":41,"column":3}}},"2":{"name":"(anonymous_4)","decl":{"start":{"line":43,"column":2},"end":{"line":43,"column":7}},"loc":{"start":{"line":43,"column":36},"end":{"line":80,"column":3}}}},"branchMap":{"0":{"loc":{"start":{"line":13,"column":4},"end":{"line":17,"column":5}},"type":"if","locations":[{"start":{"line":13,"column":4},"end":{"line":17,"column":5}},{"start":{"line":15,"column":11},"end":{"line":17,"column":5}}]},"1":{"loc":{"start":{"line":24,"column":4},"end":{"line":26,"column":5}},"type":"if","locations":[{"start":{"line":24,"column":4},"end":{"line":26,"column":5}}]},"2":{"loc":{"start":{"line":36,"column":13},"end":{"line":36,"column":88}},"type":"binary-expr","locations":[{"start":{"line":36,"column":13},"end":{"line":36,"column":50}},{"start":{"line":36,"column":54},"end":{"line":36,"column":88}}]},"3":{"loc":{"start":{"line":44,"column":4},"end":{"line":76,"column":5}},"type":"if","locations":[{"start":{"line":44,"column":4},"end":{"line":76,"column":5}}]},"4":{"loc":{"start":{"line":46,"column":25},"end":{"line":46,"column":58}},"type":"binary-expr","locations":[{"start":{"line":46,"column":25},"end":{"line":46,"column":44}},{"start":{"line":46,"column":48},"end":{"line":46,"column":58}}]},"5":{"loc":{"start":{"line":64,"column":16},"end":{"line":64,"column":42}},"type":"binary-expr","locations":[{"start":{"line":64,"column":16},"end":{"line":64,"column":29}},{"start":{"line":64,"column":33},"end":{"line":64,"column":42}}]}},"s":{"0":1,"1":1,"2":1,"3":1,"4":3,"5":3,"6":3,"7":3,"8":3,"9":0,"10":3,"11":1,"12":1,"13":1,"14":1,"15":0,"16":0,"17":0,"18":0,"19":0,"20":1,"21":1,"22":0,"23":1,"24":1},"f":{"0":3,"1":1,"2":1},"b":{"0":[0,3],"1":[1],"2":[0,0],"3":[1],"4":[1,0],"5":[1,0]}}
,"D:\\Sai saas\\apps\\api\\src\\automations\\automations.service.ts": {"path":"D:\\Sai saas\\apps\\api\\src\\automations\\automations.service.ts","statementMap":{"0":{"start":{"line":1,"column":0},"end":{"line":1,"column":52}},"1":{"start":{"line":2,"column":0},"end":{"line":2,"column":56}},"2":{"start":{"line":3,"column":0},"end":{"line":3,"column":70}},"3":{"start":{"line":4,"column":0},"end":{"line":4,"column":66}},"4":{"start":{"line":7,"column":31},"end":{"line":38,"column":null}},"5":{"start":{"line":11,"column":12},"end":{"line":11,"column":23}},"6":{"start":{"line":12,"column":12},"end":{"line":12,"column":21}},"7":{"start":{"line":8,"column":19},"end":{"line":8,"column":64}},"8":{"start":{"line":18,"column":4},"end":{"line":18,"column":54}},"9":{"start":{"line":21,"column":28},"end":{"line":21,"column":74}},"10":{"start":{"line":22,"column":26},"end":{"line":22,"column":70}},"11":{"start":{"line":25,"column":4},"end":{"line":35,"column":5}},"12":{"start":{"line":26,"column":6},"end":{"line":34,"column":7}},"13":{"start":{"line":27,"column":8},"end":{"line":27,"column":120}},"14":{"start":{"line":29,"column":8},"end":{"line":33,"column":9}},"15":{"start":{"line":30,"column":10},"end":{"line":30,"column":58}},"16":{"start":{"line":32,"column":10},"end":{"line":32,"column":56}},"17":{"start":{"line":36,"column":4},"end":{"line":36,"column":55}},"18":{"start":{"line":7,"column":13},"end":{"line":7,"column":31}},"19":{"start":{"line":17,"column":8},"end":{"line":37,"column":null}},"20":{"start":{"line":7,"column":13},"end":{"line":38,"column":null}}},"fnMap":{"0":{"name":"(anonymous_2)","decl":{"start":{"line":10,"column":2},"end":{"line":10,"column":null}},"loc":{"start":{"line":12,"column":35},"end":{"line":13,"column":6}}},"1":{"name":"(anonymous_3)","decl":{"start":{"line":17,"column":2},"end":{"line":17,"column":7}},"loc":{"start":{"line":17,"column":21},"end":{"line":37,"column":3}}}},"branchMap":{"0":{"loc":{"start":{"line":26,"column":6},"end":{"line":34,"column":7}},"type":"if","locations":[{"start":{"line":26,"column":6},"end":{"line":34,"column":7}}]},"1":{"loc":{"start":{"line":26,"column":10},"end":{"line":26,"column":120}},"type":"binary-expr","locations":[{"start":{"line":26,"column":10},"end":{"line":26,"column":29}},{"start":{"line":26,"column":33},"end":{"line":26,"column":53}},{"start":{"line":26,"column":58},"end":{"line":26,"column":86}},{"start":{"line":26,"column":90},"end":{"line":26,"column":119}}]},"2":{"loc":{"start":{"line":29,"column":8},"end":{"line":33,"column":9}},"type":"if","locations":[{"start":{"line":29,"column":8},"end":{"line":33,"column":9}},{"start":{"line":31,"column":15},"end":{"line":33,"column":9}}]}},"s":{"0":1,"1":1,"2":1,"3":1,"4":1,"5":2,"6":2,"7":2,"8":1,"9":1,"10":1,"11":1,"12":4,"13":2,"14":2,"15":1,"16":1,"17":1,"18":1,"19":1,"20":1},"f":{"0":2,"1":1},"b":{"0":[2],"1":[4,2,2,1],"2":[1,1]}}
,"D:\\Sai saas\\apps\\api\\src\\campaigns\\campaigns.controller.ts": {"path":"D:\\Sai saas\\apps\\api\\src\\campaigns\\campaigns.controller.ts","statementMap":{"0":{"start":{"line":1,"column":0},"end":{"line":1,"column":49}},"1":{"start":{"line":2,"column":0},"end":{"line":2,"column":55}},"2":{"start":{"line":5,"column":7},"end":{"line":12,"column":null}},"3":{"start":{"line":6,"column":31},"end":{"line":6,"column":49}},"4":{"start":{"line":10,"column":4},"end":{"line":10,"column":52}},"5":{"start":{"line":5,"column":13},"end":{"line":5,"column":32}},"6":{"start":{"line":9,"column":2},"end":{"line":11,"column":null}},"7":{"start":{"line":5,"column":13},"end":{"line":12,"column":null}}},"fnMap":{"0":{"name":"(anonymous_2)","decl":{"start":{"line":6,"column":2},"end":{"line":6,"column":31}},"loc":{"start":{"line":6,"column":65},"end":{"line":6,"column":69}}},"1":{"name":"(anonymous_3)","decl":{"start":{"line":9,"column":2},"end":{"line":9,"column":14}},"loc":{"start":{"line":9,"column":14},"end":{"line":11,"column":3}}}},"branchMap":{},"s":{"0":0,"1":0,"2":0,"3":0,"4":0,"5":0,"6":0,"7":0},"f":{"0":0,"1":0},"b":{}}
,"D:\\Sai saas\\apps\\api\\src\\campaigns\\campaigns.service.ts": {"path":"D:\\Sai saas\\apps\\api\\src\\campaigns\\campaigns.service.ts","statementMap":{"0":{"start":{"line":1,"column":0},"end":{"line":1,"column":44}},"1":{"start":{"line":2,"column":0},"end":{"line":2,"column":57}},"2":{"start":{"line":5,"column":7},"end":{"line":37,"column":null}},"3":{"start":{"line":6,"column":22},"end":{"line":6,"column":30}},"4":{"start":{"line":10,"column":30},"end":{"line":32,"column":5}},"5":{"start":{"line":11,"column":24},"end":{"line":11,"column":64}},"6":{"start":{"line":12,"column":23},"end":{"line":12,"column":75}},"7":{"start":{"line":14,"column":6},"end":{"line":31,"column":10}},"8":{"start":{"line":14,"column":58},"end":{"line":31,"column":8}},"9":{"start":{"line":24,"column":59},"end":{"line":30,"column":10}},"10":{"start":{"line":35,"column":4},"end":{"line":35,"column":34}},"11":{"start":{"line":5,"column":13},"end":{"line":5,"column":29}},"12":{"start":{"line":5,"column":13},"end":{"line":37,"column":null}}},"fnMap":{"0":{"name":"(anonymous_2)","decl":{"start":{"line":6,"column":2},"end":{"line":6,"column":22}},"loc":{"start":{"line":6,"column":43},"end":{"line":6,"column":47}}},"1":{"name":"(anonymous_3)","decl":{"start":{"line":8,"column":2},"end":{"line":8,"column":18}},"loc":{"start":{"line":8,"column":18},"end":{"line":36,"column":3}}},"2":{"name":"(anonymous_4)","decl":{"start":{"line":10,"column":30},"end":{"line":10,"column":31}},"loc":{"start":{"line":10,"column":48},"end":{"line":32,"column":5}}},"3":{"name":"(anonymous_5)","decl":{"start":{"line":14,"column":47},"end":{"line":14,"column":48}},"loc":{"start":{"line":14,"column":58},"end":{"line":31,"column":8}}},"4":{"name":"(anonymous_6)","decl":{"start":{"line":24,"column":48},"end":{"line":24,"column":49}},"loc":{"start":{"line":24,"column":59},"end":{"line":30,"column":10}}}},"branchMap":{},"s":{"0":2,"1":2,"2":2,"3":2,"4":1,"5":1,"6":1,"7":1,"8":500,"9":2500,"10":1,"11":2,"12":2},"f":{"0":2,"1":1,"2":1,"3":500,"4":2500},"b":{}}
,"D:\\Sai saas\\apps\\api\\src\\integrations\\google-ads.service.ts": {"path":"D:\\Sai saas\\apps\\api\\src\\integrations\\google-ads.service.ts","statementMap":{"0":{"start":{"line":1,"column":0},"end":{"line":1,"column":52}},"1":{"start":{"line":4,"column":29},"end":{"line":20,"column":null}},"2":{"start":{"line":5,"column":19},"end":{"line":5,"column":62}},"3":{"start":{"line":8,"column":4},"end":{"line":8,"column":78}},"4":{"start":{"line":10,"column":4},"end":{"line":13,"column":6}},"5":{"start":{"line":17,"column":4},"end":{"line":17,"column":64}},"6":{"start":{"line":18,"column":4},"end":{"line":18,"column":47}},"7":{"start":{"line":4,"column":13},"end":{"line":4,"column":29}},"8":{"start":{"line":4,"column":13},"end":{"line":20,"column":null}}},"fnMap":{"0":{"name":"(anonymous_1)","decl":{"start":{"line":4,"column":7},"end":{"line":4,"column":13}},"loc":{"start":{"line":4,"column":7},"end":{"line":20,"column":1}}},"1":{"name":"(anonymous_2)","decl":{"start":{"line":7,"column":2},"end":{"line":7,"column":7}},"loc":{"start":{"line":7,"column":38},"end":{"line":14,"column":3}}},"2":{"name":"(anonymous_3)","decl":{"start":{"line":16,"column":2},"end":{"line":16,"column":7}},"loc":{"start":{"line":16,"column":40},"end":{"line":19,"column":3}}}},"branchMap":{},"s":{"0":2,"1":2,"2":3,"3":1,"4":1,"5":1,"6":1,"7":2,"8":2},"f":{"0":3,"1":1,"2":1},"b":{}}
,"D:\\Sai saas\\apps\\api\\src\\integrations\\meta-ads.service.ts": {"path":"D:\\Sai saas\\apps\\api\\src\\integrations\\meta-ads.service.ts","statementMap":{"0":{"start":{"line":1,"column":0},"end":{"line":1,"column":52}},"1":{"start":{"line":4,"column":27},"end":{"line":20,"column":null}},"2":{"start":{"line":5,"column":19},"end":{"line":5,"column":60}},"3":{"start":{"line":8,"column":4},"end":{"line":8,"column":76}},"4":{"start":{"line":10,"column":4},"end":{"line":13,"column":6}},"5":{"start":{"line":17,"column":4},"end":{"line":17,"column":62}},"6":{"start":{"line":18,"column":4},"end":{"line":18,"column":47}},"7":{"start":{"line":4,"column":13},"end":{"line":4,"column":27}},"8":{"start":{"line":4,"column":13},"end":{"line":20,"column":null}}},"fnMap":{"0":{"name":"(anonymous_1)","decl":{"start":{"line":4,"column":7},"end":{"line":4,"column":13}},"loc":{"start":{"line":4,"column":7},"end":{"line":20,"column":1}}},"1":{"name":"(anonymous_2)","decl":{"start":{"line":7,"column":2},"end":{"line":7,"column":7}},"loc":{"start":{"line":7,"column":38},"end":{"line":14,"column":3}}},"2":{"name":"(anonymous_3)","decl":{"start":{"line":16,"column":2},"end":{"line":16,"column":7}},"loc":{"start":{"line":16,"column":40},"end":{"line":19,"column":3}}}},"branchMap":{},"s":{"0":2,"1":2,"2":3,"3":1,"4":1,"5":1,"6":1,"7":2,"8":2},"f":{"0":3,"1":1,"2":1},"b":{}}
,"D:\\Sai saas\\apps\\api\\src\\prisma\\prisma.service.ts": {"path":"D:\\Sai saas\\apps\\api\\src\\prisma\\prisma.service.ts","statementMap":{"0":{"start":{"line":1,"column":0},"end":{"line":1,"column":58}},"1":{"start":{"line":2,"column":0},"end":{"line":2,"column":34}},"2":{"start":{"line":5,"column":7},"end":{"line":15,"column":null}},"3":{"start":{"line":6,"column":18},"end":{"line":6,"column":34}},"4":{"start":{"line":9,"column":4},"end":{"line":13,"column":5}},"5":{"start":{"line":10,"column":6},"end":{"line":10,"column":35}},"6":{"start":{"line":12,"column":6},"end":{"line":12,"column":81}},"7":{"start":{"line":5,"column":13},"end":{"line":5,"column":26}},"8":{"start":{"line":5,"column":13},"end":{"line":15,"column":null}}},"fnMap":{"0":{"name":"(anonymous_1)","decl":{"start":{"line":5,"column":7},"end":{"line":5,"column":13}},"loc":{"start":{"line":5,"column":7},"end":{"line":15,"column":1}}},"1":{"name":"(anonymous_2)","decl":{"start":{"line":8,"column":2},"end":{"line":8,"column":7}},"loc":{"start":{"line":8,"column":20},"end":{"line":14,"column":3}}}},"branchMap":{},"s":{"0":2,"1":2,"2":2,"3":0,"4":0,"5":0,"6":0,"7":2,"8":2},"f":{"0":0,"1":0},"b":{}}
}
