TN:
SF:src\app.controller.ts
FN:6,(anonymous_2)
FN:9,(anonymous_3)
FNF:2
FNH:0
FNDA:0,(anonymous_2)
FNDA:0,(anonymous_3)
DA:1,0
DA:2,0
DA:5,0
DA:6,0
DA:9,0
DA:10,0
LF:6
LH:0
BRF:0
BRH:0
end_of_record
TN:
SF:src\app.service.ts
FN:5,(anonymous_1)
FNF:1
FNH:0
FNDA:0,(anonymous_1)
DA:1,0
DA:4,0
DA:6,0
LF:3
LH:0
BRF:0
BRH:0
end_of_record
TN:
SF:src\enterprise.controller.ts
FN:84,(anonymous_4)
FN:92,(anonymous_5)
FN:98,(anonymous_6)
FN:108,(anonymous_7)
FN:114,(anonymous_8)
FN:140,(anonymous_9)
FN:161,(anonymous_10)
FN:179,(anonymous_11)
FN:188,(anonymous_12)
FN:204,(anonymous_13)
FN:209,(anonymous_14)
FN:246,(anonymous_15)
FN:247,(anonymous_16)
FN:263,(anonymous_17)
FN:286,(anonymous_18)
FN:305,(anonymous_19)
FN:316,(anonymous_20)
FN:327,(anonymous_21)
FN:337,(anonymous_22)
FN:353,(anonymous_23)
FNF:20
FNH:7
FNDA:1,(anonymous_4)
FNDA:0,(anonymous_5)
FNDA:1,(anonymous_6)
FNDA:0,(anonymous_7)
FNDA:1,(anonymous_8)
FNDA:1,(anonymous_9)
FNDA:0,(anonymous_10)
FNDA:1,(anonymous_11)
FNDA:0,(anonymous_12)
FNDA:1,(anonymous_13)
FNDA:0,(anonymous_14)
FNDA:0,(anonymous_15)
FNDA:0,(anonymous_16)
FNDA:0,(anonymous_17)
FNDA:1,(anonymous_18)
FNDA:0,(anonymous_19)
FNDA:0,(anonymous_20)
FNDA:0,(anonymous_21)
FNDA:0,(anonymous_22)
FNDA:0,(anonymous_23)
DA:1,1
DA:2,1
DA:4,1
DA:80,1
DA:84,1
DA:85,1
DA:92,1
DA:93,0
DA:98,1
DA:99,1
DA:108,1
DA:109,0
DA:114,1
DA:115,1
DA:140,1
DA:141,1
DA:161,1
DA:162,0
DA:179,1
DA:180,1
DA:188,1
DA:189,0
DA:204,1
DA:205,1
DA:209,1
DA:210,0
DA:211,0
DA:212,0
DA:214,0
DA:215,0
DA:216,0
DA:217,0
DA:219,0
DA:241,0
DA:242,0
DA:246,1
DA:247,0
DA:248,0
DA:249,0
DA:253,0
DA:260,0
DA:263,0
DA:264,0
DA:273,0
DA:274,0
DA:276,0
DA:279,0
DA:280,0
DA:282,0
DA:286,1
DA:288,1
DA:305,1
DA:306,0
DA:316,1
DA:317,0
DA:327,1
DA:328,0
DA:337,1
DA:338,0
DA:353,1
DA:354,0
LF:61
LH:29
BRDA:193,0,0,0
BRDA:193,0,1,0
BRDA:210,1,0,0
BRDA:210,1,1,0
BRDA:211,2,0,0
BRDA:211,2,1,0
BRDA:212,3,0,0
BRDA:212,3,1,0
BRDA:215,4,0,0
BRDA:215,4,1,0
BRDA:216,5,0,0
BRDA:216,5,1,0
BRDA:217,6,0,0
BRDA:223,7,0,0
BRDA:223,7,1,0
BRDA:224,8,0,0
BRDA:224,8,1,0
BRDA:224,9,0,0
BRDA:224,9,1,0
BRDA:227,10,0,0
BRDA:227,10,1,0
BRDA:227,11,0,0
BRDA:227,11,1,0
BRDA:228,12,0,0
BRDA:228,12,1,0
BRDA:228,13,0,0
BRDA:228,13,1,0
BRDA:229,14,0,0
BRDA:229,14,1,0
BRDA:229,15,0,0
BRDA:229,15,1,0
BRDA:230,16,0,0
BRDA:230,16,1,0
BRDA:230,17,0,0
BRDA:230,17,1,0
BRDA:231,18,0,0
BRDA:231,18,1,0
BRDA:233,19,0,0
BRDA:233,19,1,0
BRDA:236,20,0,0
BRDA:236,20,1,0
BRDA:248,21,0,0
BRDA:260,22,0,0
BRDA:260,22,1,0
BRDA:273,23,0,0
BRDA:273,23,1,0
BRDA:291,24,0,1
BRDA:291,24,1,0
BRF:48
BRH:1
end_of_record
TN:
SF:src\subscription.guard.ts
FN:6,(anonymous_1)
FNF:1
FNH:1
FNDA:8,(anonymous_1)
DA:1,2
DA:5,2
DA:9,8
DA:11,8
DA:12,8
DA:13,8
DA:15,8
DA:16,8
DA:19,8
DA:26,8
DA:29,8
DA:37,8
DA:38,3
DA:39,1
DA:50,7
DA:51,2
DA:52,1
DA:61,6
DA:62,2
DA:63,1
DA:71,5
LF:21
LH:21
BRDA:11,0,0,8
BRDA:11,0,1,0
BRDA:12,1,0,0
BRDA:12,1,1,8
BRDA:26,2,0,8
BRDA:26,2,1,0
BRDA:37,3,0,3
BRDA:37,4,0,8
BRDA:37,4,1,4
BRDA:38,5,0,1
BRDA:50,6,0,2
BRDA:50,7,0,7
BRDA:50,7,1,2
BRDA:51,8,0,1
BRDA:61,9,0,2
BRDA:61,10,0,6
BRDA:61,10,1,2
BRDA:62,11,0,1
BRF:18
BRH:15
end_of_record
TN:
SF:src\ai\ai.controller.ts
FN:6,(anonymous_4)
FN:9,(anonymous_5)
FN:18,(anonymous_6)
FNF:3
FNH:0
FNDA:0,(anonymous_4)
FNDA:0,(anonymous_5)
FNDA:0,(anonymous_6)
DA:1,0
DA:2,0
DA:5,0
DA:6,0
DA:9,0
DA:10,0
DA:11,0
DA:13,0
DA:14,0
DA:18,0
DA:19,0
DA:20,0
LF:12
LH:0
BRDA:10,0,0,0
BRF:1
BRH:0
end_of_record
TN:
SF:src\ai\ai.service.ts
FN:10,(anonymous_2)
FN:20,(anonymous_3)
FN:43,(anonymous_4)
FNF:3
FNH:3
FNDA:3,(anonymous_2)
FNDA:1,(anonymous_3)
FNDA:1,(anonymous_4)
DA:1,1
DA:2,1
DA:3,1
DA:6,1
DA:7,3
DA:8,3
DA:10,3
DA:12,3
DA:13,3
DA:14,0
DA:16,3
DA:21,1
DA:22,1
DA:24,1
DA:25,1
DA:28,0
DA:29,0
DA:36,0
DA:38,0
DA:39,0
DA:44,1
DA:45,1
DA:79,0
LF:23
LH:16
BRDA:13,0,0,0
BRDA:13,0,1,3
BRDA:24,1,0,1
BRDA:36,2,0,0
BRDA:36,2,1,0
BRDA:44,3,0,1
BRDA:46,4,0,1
BRDA:46,4,1,0
BRDA:64,5,0,1
BRDA:64,5,1,0
BRF:10
BRH:5
end_of_record
TN:
SF:src\automations\automations.service.ts
FN:10,(anonymous_2)
FN:17,(anonymous_3)
FNF:2
FNH:2
FNDA:2,(anonymous_2)
FNDA:1,(anonymous_3)
DA:1,1
DA:2,1
DA:3,1
DA:4,1
DA:7,1
DA:8,2
DA:11,2
DA:12,2
DA:17,1
DA:18,1
DA:21,1
DA:22,1
DA:25,1
DA:26,4
DA:27,2
DA:29,2
DA:30,1
DA:32,1
DA:36,1
LF:19
LH:19
BRDA:26,0,0,2
BRDA:26,1,0,4
BRDA:26,1,1,2
BRDA:26,1,2,2
BRDA:26,1,3,1
BRDA:29,2,0,1
BRDA:29,2,1,1
BRF:7
BRH:7
end_of_record
TN:
SF:src\campaigns\campaigns.controller.ts
FN:6,(anonymous_2)
FN:9,(anonymous_3)
FNF:2
FNH:0
FNDA:0,(anonymous_2)
FNDA:0,(anonymous_3)
DA:1,0
DA:2,0
DA:5,0
DA:6,0
DA:9,0
DA:10,0
LF:6
LH:0
BRF:0
BRH:0
end_of_record
TN:
SF:src\campaigns\campaigns.service.ts
FN:6,(anonymous_2)
FN:8,(anonymous_3)
FN:10,(anonymous_4)
FN:14,(anonymous_5)
FN:24,(anonymous_6)
FNF:5
FNH:5
FNDA:2,(anonymous_2)
FNDA:1,(anonymous_3)
FNDA:1,(anonymous_4)
FNDA:500,(anonymous_5)
FNDA:2500,(anonymous_6)
DA:1,2
DA:2,2
DA:5,2
DA:6,2
DA:10,1
DA:11,1
DA:12,1
DA:14,500
DA:24,2500
DA:35,1
LF:10
LH:10
BRF:0
BRH:0
end_of_record
TN:
SF:src\integrations\google-ads.service.ts
FN:4,(anonymous_1)
FN:7,(anonymous_2)
FN:16,(anonymous_3)
FNF:3
FNH:3
FNDA:3,(anonymous_1)
FNDA:1,(anonymous_2)
FNDA:1,(anonymous_3)
DA:1,2
DA:4,2
DA:5,3
DA:8,1
DA:10,1
DA:17,1
DA:18,1
LF:7
LH:7
BRF:0
BRH:0
end_of_record
TN:
SF:src\integrations\meta-ads.service.ts
FN:4,(anonymous_1)
FN:7,(anonymous_2)
FN:16,(anonymous_3)
FNF:3
FNH:3
FNDA:3,(anonymous_1)
FNDA:1,(anonymous_2)
FNDA:1,(anonymous_3)
DA:1,2
DA:4,2
DA:5,3
DA:8,1
DA:10,1
DA:17,1
DA:18,1
LF:7
LH:7
BRF:0
BRH:0
end_of_record
TN:
SF:src\prisma\prisma.service.ts
FN:5,(anonymous_1)
FN:8,(anonymous_2)
FNF:2
FNH:0
FNDA:0,(anonymous_1)
FNDA:0,(anonymous_2)
DA:1,2
DA:2,2
DA:5,2
DA:6,0
DA:9,0
DA:10,0
DA:12,0
LF:7
LH:3
BRF:0
BRH:0
end_of_record
